<?xml version="1.0" encoding="UTF-8"?>
<!-- Generated by org.testng.reporters.JUnitXMLReporter -->
<testsuite ignored="0" hostname="DESKTOP-PG3URJ6" failures="1" tests="12" name="Command line test" time="78.649" errors="0" timestamp="16 Mar. 2019 23:09:56 GMT">
  <testcase classname="com.mercury.qa.testcases.HomePageTest" name="validateContinueButtonTest" time="0.035"/>
  <testcase classname="com.mercury.qa.testcases.HomePageTest" name="validateHomepageTitleTest" time="0.015">
    <failure type="java.lang.AssertionError" message="expected [Sign-on: Mercury Tours] but found [Find a Flight: Mercury Tours:]">
      <![CDATA[java.lang.AssertionError: expected [Sign-on: Mercury Tours] but found [Find a Flight: Mercury Tours:]
at com.mercury.qa.testcases.HomePageTest.validateHomepageTitleTest(HomePageTest.java:34)
... Removed 41 stack frames]]>
    </failure>
  </testcase> <!-- validateHomepageTitleTest -->
  <testcase classname="com.mercury.qa.testcases.LoginPageTest" name="validateLoginTest" time="1.637"/>
  <testcase classname="com.mercury.qa.testcases.LoginPageTest" name="validateLoginTitleTest" time="0.008"/>
  <testcase classname="com.mercury.qa.testcases.ProfilePageTest" name="validateEditImageTest" time="0.033"/>
  <testcase classname="com.mercury.qa.testcases.ProfilePageTest" name="validateSubmitBtnTest" time="0.031"/>
  <testcase classname="com.mercury.qa.testcases.HomePageTest" name="validateHomeLogoTest" time="0.029"/>
  <testcase classname="com.mercury.qa.testcases.HomePageTest" name="validateProfilePageLinkTest" time="0.359"/>
  <testcase classname="com.mercury.qa.testcases.LoginPageTest" name="validateTitleLogoTest" time="0.032"/>
  <testcase classname="com.mercury.qa.testcases.ProfilePageTest" name="fillingFormTest" time="0.269"/>
  <testcase classname="com.mercury.qa.testcases.ProfilePageTest" name="fillingFormTest" time="0.257"/>
  <testcase classname="com.mercury.qa.testcases.ProfilePageTest" name="fillingFormTest" time="0.241"/>
</testsuite> <!-- Command line test -->
